
TC3EF3E00 000:001 SEGGER J-Link V4.84e Log File (0000ms, 0001ms total)
TC3EF3E00 000:001 DLL Compiled: Apr 28 2014 20:59:50 (0000ms, 0001ms total)
TC3EF3E00 000:001 Logging started @ 2014-06-10 14:59 (0000ms, 0001ms total)
TC3EF3E00 000:001 JLINK_SetWarnOutHandler(...) (0000ms, 0001ms total)
TC3EF3E00 000:001 JLINK_SelectUSB(Port = 0)  returns 0x00 (0000ms, 0001ms total)
TC3EF3E00 000:001 JLINK_OpenEx(...)
Firmware: J-Link OB-SAM3U128 V1 compiled Dec 11 2013 20:20:11
Hardware: V1.00
S/N: 480108384  returns O.K. (0256ms, 0257ms total)
TC3EF3E00 000:257 JLINK_SetErrorOutHandler(...) (0000ms, 0257ms total)
TC3EF3E00 000:257 JLINK_EnableLog(...) (0000ms, 0257ms total)
TC3EF3E00 000:257 JLINK_SetInitRegsOnReset(OFF)  returns 0x01 (0000ms, 0257ms total)
TC3EF3E00 000:257 JLINK_GetDLLVersion()  returns 48405 (0000ms, 0257ms total)
TC3EF3E00 000:257 JLINK_GetCompileDateTime() (0000ms, 0257ms total)
TC3EF3E00 000:258 JLINK_GetFirmwareString(...) (0000ms, 0257ms total)
TC3EF3E00 000:258 JLINK_GetHardwareVersion()  returns 0x2710 (0000ms, 0257ms total)
TC3EF3E00 000:258 JLINK_EMU_HasCapEx(0x00000026)  returns 0x00 (0000ms, 0257ms total)
TC3EF3E00 000:258 JLINK_EMU_GetProductId() (0000ms, 0257ms total)
TC3EF3E00 000:258 JLINK_GetHardwareVersion()  returns 0x2710 (0000ms, 0257ms total)
TC3EF3E00 000:258 JLINK_GetFirmwareString(...) (0000ms, 0257ms total)
TC3EF3E00 000:258 JLINK_GetEmuCaps()  returns 0xB97F5BBF (0000ms, 0257ms total)
TC3EF3E00 000:258 JLINK_GetEmuCaps()  returns 0xB97F5BBF (0000ms, 0257ms total)
TC3EF3E00 000:258 JLINK_GetHWStatus(...)  returns 0x00 (0003ms, 0260ms total)
TC3EF3E00 000:261 JLINK_SetSpeed(100) (0000ms, 0260ms total)
TC3EF3E00 000:261 JLINK_GetEmuCaps()  returns 0xB97F5BBF (0000ms, 0260ms total)
TC3EF3E00 000:261 JLINK_TIF_GetAvailable(...) (0001ms, 0261ms total)
TC3EF3E00 000:262 JLINK_Connect() >0x2F8 JTAG>Could not measure total IR len. TDO is constant high. >0x30 JTAG>  returns 0x01 (0013ms, 0274ms total)
TC3EF3E00 000:275 JLINK_GetIdData(...) >0x2F8 JTAG>Could not measure total IR len. TDO is constant high. >0x30 JTAG> (0010ms, 0284ms total)
TC3EF3E00 000:285 JLINK_ClrError() (0000ms, 0284ms total)
TC3EF3E00 000:285 JLINK_TIF_Select(JLINKARM_TIF_SWD)  returns 0x00 (0001ms, 0285ms total)
TC3EF3E00 000:286 JLINK_Connect() >0x108 TIF>Found SWD-DP with ID 0x0BB11477 >0x0D TIF> >0x21 TIF> >0x0D TIF> >0x28 TIF> >0x0D TIF> >0x28 TIF> >0x0D TIF> >0x21 TIF> >0x0D TIF> >0x28 TIF> >0x0D TIF> >0x21 TIF> >0x0D TIF> >0x21 TIF> >0x0D TIF> >0x21 TIF> >0x0D TIF> >0x28 TIF> >0x0D TIF> >0x28 TIF> >0x0D TIF> >0x28 TIF> >0x0D TIF> >0x21 TIF> >0x0D TIF> >0x21 TIF> >0x0D TIF> >0x21 TIF> >0x0D TIF> >0x28 TIF> >0x0D TIF> >0x28 TIF> >0x0D TIF> >0x21 TIF> >0x0D TIF> >0x28 TIF> >0x0D TIF> >0x28 TIF> >0x0D TIF>
 >0x28 TIF> >0x0D TIF> >0x21 TIF> >0x0D TIF> >0x21 TIF> >0x0D TIF> >0x28 TIF> >0x0D TIF> >0x21 TIF> >0x0D TIF> >0x21 TIF>Found Cortex-M0 r0p0, Little endian. -- CPU_WriteMem(4 bytes @ 0xE0002000) -- CPU_ReadMem(4 bytes @ 0xE000EDF0) -- CPU_ReadMem(4 bytes @ 0xE0002000)FPUnit: 4 code (BP) slots and 0 literal slots -- CPU_ReadMem(4 bytes @ 0xE000EDFC) -- CPU_ReadMem(4 bytes @ 0xE0001000) -- CPU_WriteMem(4 bytes @ 0xE0001000) -- CPU_ReadMem(4 bytes @ 0xE00FF018)  returns 0x00 (0031ms, 0316ms total)
TC3EF3E00 000:317 JLINK_CORE_GetFound()  returns 0x60000FF (0000ms, 0316ms total)
TC3EF3E00 000:317 JLINK_GetDeviceFamily()  returns 6 (0000ms, 0316ms total)
TC3EF3E00 000:317 JLINK_GetDeviceFamily()  returns 6 (0000ms, 0316ms total)
TC3EF3E00 000:317 JLINK_SetSpeed(100) (0001ms, 0317ms total)
TC3EF3E00 000:318 JLINK_GetHWStatus(...)  returns 0x00 (0000ms, 0317ms total)
TC3EF3E00 000:318 JLINK_GetSpeedInfo() 50000000 Hz / n, n >= 2 (0000ms, 0317ms total)
TC3EF3E00 000:318 JLINK_MeasureRTCKReactTime() (0000ms, 0317ms total)
TC3EF3E00 000:318 JLINK_GetSpeed()  returns 0x64 (0000ms, 0317ms total)
TC3EF3E00 000:319 JLINK_ExecCommand("device=nrf51822", ...)Device "NRF51822_XXAA" selected (257 KB flash, 16 KB RAM).  returns 0x00 (0001ms, 0318ms total)
TC3EF3E00 000:320 JLINK_Connect() >0x108 TIF>Found SWD-DP with ID 0x0BB11477 >0x35 TIF> >0x0D TIF> >0x28 TIF> >0x0D TIF> >0x28 TIF> >0x35 TIF> >0x0D TIF> >0x28 TIF> >0x35 TIF> >0x35 TIF> >0x35 TIF> >0x0D TIF> >0x28 TIF> >0x0D TIF> >0x28 TIF> >0x0D TIF> >0x28 TIF> >0x35 TIF> >0x35 TIF> >0x35 TIF> >0x0D TIF> >0x28 TIF> >0x0D TIF> >0x28 TIF> >0x35 TIF> >0x0D TIF> >0x28 TIF> >0x0D TIF> >0x28 TIF> >0x0D TIF> >0x28 TIF> >0x35 TIF> >0x35 TIF> >0x0D TIF> >0x28 TIF> >0x35 TIF> >0x35 TIF>
Found Cortex-M0 r0p0, Little endian. -- CPU_WriteMem(4 bytes @ 0xE0002000) -- CPU_ReadMem(4 bytes @ 0xE000EDF0) -- CPU_ReadMem(4 bytes @ 0xE0002000)FPUnit: 4 code (BP) slots and 0 literal slots -- CPU_ReadMem(4 bytes @ 0xE000EDFC) -- CPU_ReadMem(4 bytes @ 0xE0001000) -- CPU_WriteMem(4 bytes @ 0xE0001000) -- CPU_ReadMem(4 bytes @ 0xE00FF018)  returns 0x00 (0049ms, 0367ms total)
TC3EF3E00 000:369 JLINK_SetSpeed(1000) (0000ms, 0367ms total)
TC3EF3E00 000:369 JLINK_GetSpeed()  returns 0x3E8 (0001ms, 0368ms total)
TC3EF3E00 000:370 JLINK_WriteU32(0x4001E504, 0x00000001) -- CPU is running -- CPU_WriteMem(4 bytes @ 0x4001E504)  returns 0x00 (0000ms, 0368ms total)
TC3EF3E00 000:371 JLINK_IsHalted()  returns FALSE (0000ms, 0368ms total)
TC3EF3E00 000:371 JLINK_Halt()  returns 0x00 (0005ms, 0373ms total)
TC3EF3E00 000:376 JLINK_DownloadFile()JLINK_BeginDownload(Flags = 0x00) (0000ms, 0373ms total)
TC3EF3E00 000:376 JLINK_WriteMem(0x00000000, 0xAC78 Bytes, ...) -- Data:  38 22 00 20 E5 02 00 00 55 03 00 00 5D 03 00 00 ...  returns 0xAC78 (0000ms, 0373ms total)
TC3EF3E00 000:376 JLINK_EndDownload() -- -------------------------------------- -- Start of determining dirty areas -- End of determining dirty areas -- Start of preparing flash programming -- Calculating RAM usage -- RAM usage = 3740 Bytes -- Preserving registers -- Preparing memory -- Determining CPU clock frequency -- CPU clock frequency: 16119 kHz -- CPU frequency = 16119 kHz -- Preparing target -- Downloading RAMCode -- Using alternate TurboMode RAMCode -- Checking target RAM -- Preparing RAMCode
 -- End of preparing flash programming -- CPU is running at 16119 kHz. -- Start of comparing flash -- CRC check was estimated as fastest method -- Comparing range 0x0000 - 0xAFFF (44 Sectors, 44 KB), using multi-block CRC calculation -- CRC does not match for sectors 0-1, 3, 6-43 -- Comparing range 0x0800 - 0x0BFF (1 Sector, 1024 Bytes), using alternative multi-block CRC calculation -- All CRCs match -- Comparing range 0x1000 - 0x17FF (2 Sectors, 2 KB), using alternative multi-block CRC calculation
 -- All CRCs match -- End of comparing flash -- Start of erasing sectors -- Erasing range 0x00000000 - 0x000007FF (  2 Sectors, 2 KB) -- Erasing range 0x00000C00 - 0x00000FFF (  1 Sector, 1024 Bytes) -- Erasing range 0x00001800 - 0x000097FF ( 32 Sectors, 32 KB) -- Erasing range 0x00009800 - 0x0000AFFF (  6 Sectors, 6 KB) -- End of erasing sectors -- Start of flash programming -- Programming range 0x00000000 - 0x000007FF (  2 Sectors, 2 KB)
 -- Programming range 0x00000C00 - 0x00000FFF (  1 Sector, 1024 Bytes) -- Programming range 0x00001800 - 0x000097FF ( 32 Sectors, 32 KB) -- Programming range 0x00009800 - 0x0000AFFF (  6 Sectors, 6 KB) -- End of flash programming -- Flash programming performed for 3 ranges (41984 bytes) -- 0x0000 - 0x07FF (002 Sectors, 2 KB) -- 0x0C00 - 0x0FFF (001 Sector, 1024 Bytes) -- 0x1800 - 0xAFFF (038 Sectors, 38 KB) -- Start of verifying flash -- Checksum calculation was estimated as fastest method
 -- Checksum calculation was estimated as fastest method -- Checksum calculation was estimated as fastest method -- End of verifying flash -- Start of restoring -- Restore RAMCode -- Restore content of target memory -- Restore target -- Restore memory -- Restore content of registers -- End of restoring -- Total time needed: 1.687s (Prepare: 0.089s, Compare: 0.023s, Erase: 0.865s, Program: 0.694s, Verify: 0.007s, Restore: 0.007s)  returns 0xA400 (1691ms, 2064ms total)
TC3EF3E00 000:376   returns 0x00 (1691ms, 2064ms total)
TC3EF3E00 002:067 JLINK_SetResetDelay(0) (0000ms, 2064ms total)
TC3EF3E00 002:067 JLINK_Reset() -- CPU_ReadMem(4 bytes @ 0x200005BC) -- CPU_WriteMem(4 bytes @ 0x200005BC) -- CPU_WriteMem(4 bytes @ 0xE000EDF0) -- CPU_WriteMem(4 bytes @ 0xE000EDFC) >0x35 TIF> -- CPU_WriteMem(4 bytes @ 0xE000ED0C) -- CPU_ReadMem(4 bytes @ 0xE000EDF0) -- CPU_ReadMem(4 bytes @ 0xE000EDF0) -- CPU_WriteMem(4 bytes @ 0xE000EDF0) -- CPU_WriteMem(4 bytes @ 0xE000EDFC) -- CPU is running -- CPU_ReadMem(4 bytes @ 0xE000EDF0) -- CPU_WriteMem(4 bytes @ 0xE0002000)
 -- CPU_ReadMem(4 bytes @ 0xE000EDFC) -- CPU_ReadMem(4 bytes @ 0xE0001000) -- CPU_WriteMem(4 bytes @ 0xE0001000) (0022ms, 2086ms total)
TC3EF3E00 002:089 JLINK_GoEx(MaxEmulInsts = 0, Flags = 0x01) -- CPU_WriteMem(4 bytes @ 0xE0001004) (0002ms, 2088ms total)
TC3EF3E00 002:302 JLINK_Close() >0x42 TIF> >0x28 TIF> >0x35 TIF> (0005ms, 2093ms total)
TC3EF3E00 002:302  (0005ms, 2093ms total)
TC3EF3E00 002:302 Closed (0005ms, 2093ms total)
